<?xml version="1.0" encoding="UTF-8"?>
<!-- Generated by org.testng.reporters.JUnitReportReporter -->
<testsuite hostname="DESKTOP-6N7C94L" failures="0" tests="1" name="com.tests.NegativeTestCases.NegDisWifiChangePassword" time="55.240" errors="0" timestamp="2024-11-22T11:34:18 IST" skipped="0">
  <testcase classname="com.tests.NegativeTestCases.NegDisWifiChangePassword" name="NegDisWifiChangePasswordHamburger" time="55.240"/>
</testsuite> <!-- com.tests.NegativeTestCases.NegDisWifiChangePassword -->
