<?xml version="1.0" encoding="UTF-8"?>
<!-- Generated by org.testng.reporters.JUnitReportReporter -->
<testsuite hostname="DESKTOP-6N7C94L" failures="0" tests="1" name="com.tests.NegativeTestCases.NegDisWifiCombinedHamburgerMenuOptions" time="130.636" errors="0" timestamp="2024-11-26T13:22:58 IST" skipped="0">
  <testcase classname="com.tests.NegativeTestCases.NegDisWifiCombinedHamburgerMenuOptions" name="NegDisWifiCombinedHamburgerSideMenuOptions" time="130.636"/>
</testsuite> <!-- com.tests.NegativeTestCases.NegDisWifiCombinedHamburgerMenuOptions -->
