<?xml version="1.0" encoding="UTF-8"?>
<!-- Generated by org.testng.reporters.JUnitReportReporter -->
<testsuite hostname="DESKTOP-6N7C94L" failures="0" tests="1" name="com.tests.NegativeTestCases.MROIndivisualTabCheckN" time="97.449" errors="0" timestamp="2024-10-30T07:01:19 IST" skipped="0">
  <testcase classname="com.tests.NegativeTestCases.MROIndivisualTabCheckN" name="MROIndivisualCheck" time="97.449"/>
</testsuite> <!-- com.tests.NegativeTestCases.MROIndivisualTabCheckN -->
