<?xml version="1.0" encoding="UTF-8"?>
<!-- Generated by org.testng.reporters.JUnitReportReporter -->
<testsuite hostname="DESKTOP-6N7C94L" failures="0" tests="1" name="UpdatedTestCases.ModifiedOneNegDisWifiCombinedMRO" time="368.299" errors="0" timestamp="2024-12-10T22:12:46 IST" skipped="0">
  <testcase classname="UpdatedTestCases.ModifiedOneNegDisWifiCombinedMRO" name="ModifiedOneNegDisWifiCombinedMROMethod" time="368.299"/>
</testsuite> <!-- UpdatedTestCases.ModifiedOneNegDisWifiCombinedMRO -->
