<?xml version="1.0" encoding="UTF-8"?>
<!-- Generated by org.testng.reporters.JUnitReportReporter -->
<testsuite hostname="DESKTOP-6N7C94L" failures="0" tests="1" name="com.tests.NegativeTestCases.NegDisWifiTermsnCondition" time="63.894" errors="0" timestamp="2024-11-26T12:47:06 IST" skipped="0">
  <testcase classname="com.tests.NegativeTestCases.NegDisWifiTermsnCondition" name="NegDisWifiTermsnConditionHamburger" time="63.894"/>
</testsuite> <!-- com.tests.NegativeTestCases.NegDisWifiTermsnCondition -->
