<?xml version="1.0" encoding="UTF-8"?>
<!-- Generated by org.testng.reporters.JUnitReportReporter -->
<testsuite hostname="DESKTOP-6N7C94L" failures="0" tests="2" name="com.tests.NegativeTestCases.MROSplitN" time="169.387" errors="0" timestamp="2024-10-30T08:05:01 IST" skipped="0">
  <testcase classname="com.tests.NegativeTestCases.MROSplitN" name="MROBVComplete" time="84.518"/>
  <testcase classname="com.tests.NegativeTestCases.MROSplitN" name="MROOComplete" time="84.869"/>
</testsuite> <!-- com.tests.NegativeTestCases.MROSplitN -->
