<?xml version="1.0" encoding="UTF-8"?>
<!-- Generated by org.testng.reporters.JUnitReportReporter -->
<testsuite hostname="DESKTOP-6N7C94L" failures="0" tests="1" name="com.tests.NegativeTestCases.NegDisWifiCombinedMRO" time="305.396" errors="0" timestamp="2024-11-27T21:45:58 IST" skipped="0">
  <testcase classname="com.tests.NegativeTestCases.NegDisWifiCombinedMRO" name="NegDisWifiCombinedMROMethod" time="305.396"/>
</testsuite> <!-- com.tests.NegativeTestCases.NegDisWifiCombinedMRO -->
