<?xml version="1.0" encoding="UTF-8"?>
<!-- Generated by org.testng.reporters.JUnitReportReporter -->
<testsuite hostname="DESKTOP-6N7C94L" failures="0" tests="1" name="com.tests.MRO" time="140.247" errors="0" timestamp="2024-10-30T16:34:39 IST" skipped="0">
  <testcase classname="com.tests.MRO" name="LoginAcceptCredBVO" time="140.247"/>
</testsuite> <!-- com.tests.MRO -->
