<?xml version="1.0" encoding="UTF-8"?>
<!-- Generated by org.testng.reporters.JUnitReportReporter -->
<testsuite hostname="DESKTOP-6N7C94L" failures="0" tests="1" name="com.tests.HamburgerFunc" time="56.161" errors="0" timestamp="2024-11-21T11:31:47 IST" skipped="0">
  <testcase classname="com.tests.HamburgerFunc" name="PrivacyPolicynTermsAndConditions" time="56.161"/>
</testsuite> <!-- com.tests.HamburgerFunc -->
