<?xml version="1.0" encoding="UTF-8"?>
<!-- Generated by org.testng.reporters.JUnitReportReporter -->
<testsuite hostname="DESKTOP-6N7C94L" failures="0" tests="1" name="UpdatedTestCases.DashboardItems" time="119.813" errors="0" timestamp="2024-12-20T18:59:03 IST" skipped="0">
  <testcase classname="UpdatedTestCases.DashboardItems" name="DashboardItemsMethod" time="119.813"/>
</testsuite> <!-- UpdatedTestCases.DashboardItems -->
