<?xml version="1.0" encoding="UTF-8"?>
<!-- Generated by org.testng.reporters.JUnitReportReporter -->
<testsuite hostname="DESKTOP-6N7C94L" failures="0" tests="1" name="com.tests.NegativeTestCases.NegDisWifiReportTechIssue" time="63.792" errors="0" timestamp="2024-11-22T11:34:18 IST" skipped="0">
  <testcase classname="com.tests.NegativeTestCases.NegDisWifiReportTechIssue" name="NegDisWifiReportTechIssueHamburger" time="63.792"/>
</testsuite> <!-- com.tests.NegativeTestCases.NegDisWifiReportTechIssue -->
