<?xml version="1.0" encoding="UTF-8"?>
<!-- Generated by org.testng.reporters.JUnitReportReporter -->
<testsuite hostname="DESKTOP-6N7C94L" failures="0" tests="1" name="UpdatedTestCases.ModifiedOneNegDisWifiCombinedMRO" time="174.577" errors="0" timestamp="2024-12-11T18:43:59 IST" skipped="0">
  <testcase classname="UpdatedTestCases.ModifiedOneNegDisWifiCombinedMRO" name="ModifiedOneNegDisWifiCombinedMROMethod" time="174.577"/>
</testsuite> <!-- UpdatedTestCases.ModifiedOneNegDisWifiCombinedMRO -->
