<?xml version="1.0" encoding="UTF-8"?>
<!-- Generated by org.testng.reporters.JUnitReportReporter -->
<testsuite hostname="DESKTOP-6N7C94L" failures="0" tests="1" name="UpdatedTestCases.ModifiedOneNegDisWifiCombinedMRO" time="162.415" errors="0" timestamp="2024-12-16T16:15:42 IST" skipped="0">
  <testcase classname="UpdatedTestCases.ModifiedOneNegDisWifiCombinedMRO" name="ModifiedOneNegDisWifiCombinedMROMethod" time="162.415"/>
  <system-out/>
</testsuite> <!-- UpdatedTestCases.ModifiedOneNegDisWifiCombinedMRO -->
