<?xml version="1.0" encoding="UTF-8"?>
<!-- Generated by org.testng.reporters.JUnitReportReporter -->
<testsuite hostname="DESKTOP-6N7C94L" failures="0" tests="1" name="com.tests.NegativeTestCases.NegPosDisWifiCombinedHamburgerMenuOptions" time="203.181" errors="0" timestamp="2024-11-27T17:34:44 IST" skipped="0">
  <testcase classname="com.tests.NegativeTestCases.NegPosDisWifiCombinedHamburgerMenuOptions" name="NegPosDisWifiCombinedHamburgerSideMenuOption" time="203.181"/>
  <system-out/>
</testsuite> <!-- com.tests.NegativeTestCases.NegPosDisWifiCombinedHamburgerMenuOptions -->
