<?xml version="1.0" encoding="UTF-8"?>
<!-- Generated by org.testng.reporters.JUnitReportReporter -->
<testsuite hostname="DESKTOP-6N7C94L" failures="0" tests="1" name="com.tests.NegativeTestCases.NegDisWifiCombinedMRO" time="308.996" errors="0" timestamp="2024-11-26T14:01:14 IST" skipped="0">
  <testcase classname="com.tests.NegativeTestCases.NegDisWifiCombinedMRO" name="NegDisWifiCombinedMROMethod" time="308.996"/>
  <system-out/>
</testsuite> <!-- com.tests.NegativeTestCases.NegDisWifiCombinedMRO -->
